<?xml version="1.0" encoding="UTF-8"?>
<coverage generated="1643794498234" clover="3.2.0">
  <project timestamp="1643794498235" name="All files">
    <metrics statements="133" coveredstatements="122" conditionals="42" coveredconditionals="32" methods="54" coveredmethods="48" elements="229" coveredelements="202" complexity="0" loc="133" ncloc="133" packages="8" files="14" classes="14"/>
    <package name="assets.img">
      <metrics statements="2" coveredstatements="2" conditionals="0" coveredconditionals="0" methods="0" coveredmethods="0"/>
      <file name="educational-building.png" path="G:\work-space\app-buildings\src\assets\img\educational-building.png">
        <metrics statements="1" coveredstatements="1" conditionals="0" coveredconditionals="0" methods="0" coveredmethods="0"/>
        <line num="1" count="1" type="stmt"/>
      </file>
      <file name="type-apartment.png" path="G:\work-space\app-buildings\src\assets\img\type-apartment.png">
        <metrics statements="1" coveredstatements="1" conditionals="0" coveredconditionals="0" methods="0" coveredmethods="0"/>
        <line num="1" count="1" type="stmt"/>
      </file>
    </package>
    <package name="components.Base">
      <metrics statements="5" coveredstatements="5" conditionals="0" coveredconditionals="0" methods="4" coveredmethods="4"/>
      <file name="AppSnackbar.vue" path="G:\work-space\app-buildings\src\components\Base\AppSnackbar.vue">
        <metrics statements="4" coveredstatements="4" conditionals="0" coveredconditionals="0" methods="3" coveredmethods="3"/>
        <line num="29" count="1" type="stmt"/>
        <line num="34" count="3" type="stmt"/>
        <line num="41" count="1" type="stmt"/>
        <line num="55" count="1" type="stmt"/>
      </file>
      <file name="Header.vue" path="G:\work-space\app-buildings\src\components\Base\Header.vue">
        <metrics statements="1" coveredstatements="1" conditionals="0" coveredconditionals="0" methods="1" coveredmethods="1"/>
        <line num="17" count="2" type="stmt"/>
      </file>
    </package>
    <package name="components.Buildings">
      <metrics statements="84" coveredstatements="78" conditionals="30" coveredconditionals="26" methods="32" coveredmethods="30"/>
      <file name="BuildingCreateEditDialog.vue" path="G:\work-space\app-buildings\src\components\Buildings\BuildingCreateEditDialog.vue">
        <metrics statements="39" coveredstatements="39" conditionals="26" coveredconditionals="23" methods="13" coveredmethods="13"/>
        <line num="116" count="3" type="stmt"/>
        <line num="117" count="3" type="stmt"/>
        <line num="118" count="3" type="stmt"/>
        <line num="162" count="23" type="stmt"/>
        <line num="199" count="2" type="stmt"/>
        <line num="200" count="2" type="stmt"/>
        <line num="201" count="2" type="stmt"/>
        <line num="202" count="2" type="stmt"/>
        <line num="203" count="2" type="stmt"/>
        <line num="207" count="4" type="stmt"/>
        <line num="209" count="4" type="cond" truecount="2" falsecount="0"/>
        <line num="210" count="3" type="stmt"/>
        <line num="215" count="3" type="stmt"/>
        <line num="218" count="1" type="stmt"/>
        <line num="219" count="1" type="stmt"/>
        <line num="231" count="29" type="stmt"/>
        <line num="235" count="29" type="cond" truecount="2" falsecount="0"/>
        <line num="239" count="29" type="cond" truecount="2" falsecount="0"/>
        <line num="243" count="16" type="cond" truecount="2" falsecount="0"/>
        <line num="248" count="31" type="stmt"/>
        <line num="252" count="2" type="stmt"/>
        <line num="257" count="33" type="stmt"/>
        <line num="258" count="33" type="cond" truecount="2" falsecount="0"/>
        <line num="259" count="24" type="stmt"/>
        <line num="262" count="9" type="cond" truecount="1" falsecount="1"/>
        <line num="263" count="9" type="cond" truecount="2" falsecount="0"/>
        <line num="264" count="9" type="cond" truecount="1" falsecount="1"/>
        <line num="266" count="9" type="stmt"/>
        <line num="270" count="31" type="stmt"/>
        <line num="271" count="31" type="cond" truecount="2" falsecount="0"/>
        <line num="272" count="24" type="stmt"/>
        <line num="275" count="7" type="cond" truecount="2" falsecount="0"/>
        <line num="276" count="7" type="stmt"/>
        <line num="280" count="31" type="stmt"/>
        <line num="281" count="31" type="cond" truecount="2" falsecount="0"/>
        <line num="282" count="24" type="stmt"/>
        <line num="285" count="7" type="cond" truecount="1" falsecount="1"/>
        <line num="286" count="7" type="cond" truecount="2" falsecount="0"/>
        <line num="287" count="7" type="stmt"/>
      </file>
      <file name="BuildingDeleteDialog.vue" path="G:\work-space\app-buildings\src\components\Buildings\BuildingDeleteDialog.vue">
        <metrics statements="10" coveredstatements="9" conditionals="2" coveredconditionals="1" methods="5" coveredmethods="5"/>
        <line num="75" count="18" type="stmt"/>
        <line num="83" count="1" type="cond" truecount="1" falsecount="1"/>
        <line num="84" count="1" type="stmt"/>
        <line num="85" count="1" type="stmt"/>
        <line num="90" count="1" type="stmt"/>
        <line num="91" count="1" type="stmt"/>
        <line num="94" count="0" type="stmt"/>
        <line num="102" count="2" type="stmt"/>
        <line num="109" count="23" type="stmt"/>
        <line num="113" count="2" type="stmt"/>
      </file>
      <file name="BuildingsTable.vue" path="G:\work-space\app-buildings\src\components\Buildings\BuildingsTable.vue">
        <metrics statements="35" coveredstatements="30" conditionals="2" coveredconditionals="2" methods="14" coveredmethods="12"/>
        <line num="93" count="2" type="stmt"/>
        <line num="94" count="2" type="stmt"/>
        <line num="95" count="2" type="stmt"/>
        <line num="96" count="2" type="stmt"/>
        <line num="107" count="12" type="stmt"/>
        <line num="171" count="12" type="stmt"/>
        <line num="175" count="1" type="stmt"/>
        <line num="176" count="1" type="stmt"/>
        <line num="177" count="1" type="stmt"/>
        <line num="178" count="1" type="stmt"/>
        <line num="182" count="1" type="stmt"/>
        <line num="183" count="1" type="stmt"/>
        <line num="184" count="1" type="stmt"/>
        <line num="185" count="1" type="stmt"/>
        <line num="189" count="2" type="stmt"/>
        <line num="190" count="2" type="stmt"/>
        <line num="194" count="2" type="cond" truecount="2" falsecount="0"/>
        <line num="195" count="1" type="stmt"/>
        <line num="197" count="1" type="stmt"/>
        <line num="199" count="1" type="stmt"/>
        <line num="206" count="1" type="stmt"/>
        <line num="209" count="1" type="stmt"/>
        <line num="211" count="1" type="stmt"/>
        <line num="213" count="1" type="stmt"/>
        <line num="219" count="1" type="stmt"/>
        <line num="224" count="1" type="stmt"/>
        <line num="225" count="1" type="stmt"/>
        <line num="226" count="1" type="stmt"/>
        <line num="231" count="0" type="stmt"/>
        <line num="233" count="0" type="stmt"/>
        <line num="235" count="0" type="stmt"/>
        <line num="241" count="0" type="stmt"/>
        <line num="244" count="0" type="stmt"/>
        <line num="248" count="34" type="stmt"/>
        <line num="261" count="12" type="stmt"/>
      </file>
    </package>
    <package name="layouts">
      <metrics statements="1" coveredstatements="1" conditionals="0" coveredconditionals="0" methods="1" coveredmethods="1"/>
      <file name="TheLayoutWrap.vue" path="G:\work-space\app-buildings\src\layouts\TheLayoutWrap.vue">
        <metrics statements="1" coveredstatements="1" conditionals="0" coveredconditionals="0" methods="1" coveredmethods="1"/>
        <line num="64" count="12" type="stmt"/>
      </file>
    </package>
    <package name="plugins">
      <metrics statements="1" coveredstatements="1" conditionals="0" coveredconditionals="0" methods="0" coveredmethods="0"/>
      <file name="axios.js" path="G:\work-space\app-buildings\src\plugins\axios.js">
        <metrics statements="1" coveredstatements="1" conditionals="0" coveredconditionals="0" methods="0" coveredmethods="0"/>
        <line num="3" count="5" type="stmt"/>
      </file>
    </package>
    <package name="services">
      <metrics statements="8" coveredstatements="4" conditionals="0" coveredconditionals="0" methods="8" coveredmethods="4"/>
      <file name="buildings.service.js" path="G:\work-space\app-buildings\src\services\buildings.service.js">
        <metrics statements="8" coveredstatements="4" conditionals="0" coveredconditionals="0" methods="8" coveredmethods="4"/>
        <line num="5" count="0" type="stmt"/>
        <line num="7" count="0" type="stmt"/>
        <line num="12" count="1" type="stmt"/>
        <line num="14" count="1" type="stmt"/>
        <line num="19" count="1" type="stmt"/>
        <line num="21" count="1" type="stmt"/>
        <line num="26" count="0" type="stmt"/>
        <line num="28" count="0" type="stmt"/>
      </file>
    </package>
    <package name="store.modules">
      <metrics statements="28" coveredstatements="27" conditionals="12" coveredconditionals="6" methods="9" coveredmethods="9"/>
      <file name="buildings.js" path="G:\work-space\app-buildings\src\store\modules\buildings.js">
        <metrics statements="21" coveredstatements="20" conditionals="9" coveredconditionals="5" methods="6" coveredmethods="6"/>
        <line num="3" count="4" type="stmt"/>
        <line num="11" count="4" type="stmt"/>
        <line num="16" count="4" type="stmt"/>
        <line num="18" count="12" type="stmt"/>
        <line num="22" count="10" type="stmt"/>
        <line num="26" count="4" type="stmt"/>
        <line num="28" count="14" type="stmt"/>
        <line num="32" count="6" type="cond" truecount="1" falsecount="1"/>
        <line num="36" count="4" type="stmt"/>
        <line num="38" count="7" type="stmt"/>
        <line num="40" count="7" type="stmt"/>
        <line num="41" count="7" type="stmt"/>
        <line num="42" count="7" type="stmt"/>
        <line num="44" count="6" type="cond" truecount="2" falsecount="0"/>
        <line num="45" count="3" type="stmt"/>
        <line num="46" count="2" type="stmt"/>
        <line num="52" count="6" type="stmt"/>
        <line num="53" count="6" type="stmt"/>
        <line num="55" count="1" type="cond" truecount="2" falsecount="3"/>
        <line num="56" count="0" type="stmt"/>
        <line num="58" count="1" type="stmt"/>
      </file>
      <file name="snackbar.js" path="G:\work-space\app-buildings\src\store\modules\snackbar.js">
        <metrics statements="7" coveredstatements="7" conditionals="3" coveredconditionals="1" methods="3" coveredmethods="3"/>
        <line num="1" count="4" type="stmt"/>
        <line num="9" count="4" type="stmt"/>
        <line num="11" count="5" type="stmt"/>
        <line num="15" count="4" type="stmt"/>
        <line num="17" count="1" type="stmt"/>
        <line num="21" count="4" type="stmt"/>
        <line num="23" count="1" type="stmt"/>
      </file>
    </package>
    <package name="views">
      <metrics statements="4" coveredstatements="4" conditionals="0" coveredconditionals="0" methods="0" coveredmethods="0"/>
      <file name="Buildings.vue" path="G:\work-space\app-buildings\src\views\Buildings.vue">
        <metrics statements="3" coveredstatements="3" conditionals="0" coveredconditionals="0" methods="0" coveredmethods="0"/>
        <line num="12" count="1" type="stmt"/>
        <line num="13" count="1" type="stmt"/>
        <line num="14" count="1" type="stmt"/>
      </file>
      <file name="Home.vue" path="G:\work-space\app-buildings\src\views\Home.vue">
        <metrics statements="1" coveredstatements="1" conditionals="0" coveredconditionals="0" methods="0" coveredmethods="0"/>
        <line num="28" count="1" type="stmt"/>
      </file>
    </package>
  </project>
</coverage>
