{"G:\\work-space\\app-buildings\\src\\assets\\img\\educational-building.png": {"path":"G:\\work-space\\app-buildings\\src\\assets\\img\\educational-building.png","statementMap":{"0":{"start":{"line":1,"column":0},"end":{"line":1,"column":19}}},"fnMap":{},"branchMap":{},"s":{"0":1},"f":{},"b":{},"_coverageSchema":"43e27e138ebf9cfc5966b082cf9a028302ed4184","hash":"52e8d5cebb00c4fdf12f760a9394ad893bd4ecf5"}
,"G:\\work-space\\app-buildings\\src\\assets\\img\\type-apartment.png": {"path":"G:\\work-space\\app-buildings\\src\\assets\\img\\type-apartment.png","statementMap":{"0":{"start":{"line":1,"column":0},"end":{"line":1,"column":19}}},"fnMap":{},"branchMap":{},"s":{"0":1},"f":{},"b":{},"_coverageSchema":"43e27e138ebf9cfc5966b082cf9a028302ed4184","hash":"1ec8ac1197187d754178d5e916d3c81d3f7fe5d5"}
,"G:\\work-space\\app-buildings\\src\\components\\Base\\AppSnackbar.vue": {"path":"G:\\work-space\\app-buildings\\src\\components\\Base\\AppSnackbar.vue","statementMap":{"0":{"start":{"line":29,"column":0},"end":{"line":29,"column":null}},"1":{"start":{"line":34,"column":0},"end":{"line":34,"column":null}},"2":{"start":{"line":41,"column":0},"end":{"line":41,"column":null}},"3":{"start":{"line":55,"column":0},"end":{"line":55,"column":null}}},"fnMap":{"0":{"name":"(anonymous_1)","decl":{"start":{"line":34,"column":0},"end":{"line":34,"column":null}},"loc":{"start":{"line":34,"column":0},"end":{"line":34,"column":null}}},"1":{"name":"(anonymous_2)","decl":{"start":{"line":40,"column":0},"end":{"line":40,"column":null}},"loc":{"start":{"line":40,"column":0},"end":{"line":42,"column":null}}},"2":{"name":"(anonymous_3)","decl":{"start":{"line":54,"column":0},"end":{"line":54,"column":null}},"loc":{"start":{"line":54,"column":0},"end":{"line":56,"column":null}}}},"branchMap":{},"s":{"0":1,"1":3,"2":1,"3":1},"f":{"0":3,"1":1,"2":1},"b":{}}
,"G:\\work-space\\app-buildings\\src\\components\\Base\\Header.vue": {"path":"G:\\work-space\\app-buildings\\src\\components\\Base\\Header.vue","statementMap":{"0":{"start":{"line":17,"column":0},"end":{"line":17,"column":null}}},"fnMap":{"0":{"name":"(anonymous_1)","decl":{"start":{"line":17,"column":0},"end":{"line":17,"column":null}},"loc":{"start":{"line":17,"column":0},"end":{"line":17,"column":null}}}},"branchMap":{},"s":{"0":2},"f":{"0":2},"b":{}}
,"G:\\work-space\\app-buildings\\src\\components\\Buildings\\BuildingCreateEditDialog.vue": {"path":"G:\\work-space\\app-buildings\\src\\components\\Buildings\\BuildingCreateEditDialog.vue","statementMap":{"0":{"start":{"line":116,"column":0},"end":{"line":116,"column":null}},"1":{"start":{"line":117,"column":0},"end":{"line":117,"column":null}},"2":{"start":{"line":118,"column":0},"end":{"line":118,"column":null}},"3":{"start":{"line":162,"column":0},"end":{"line":162,"column":null}},"4":{"start":{"line":199,"column":0},"end":{"line":199,"column":null}},"5":{"start":{"line":200,"column":0},"end":{"line":200,"column":null}},"6":{"start":{"line":201,"column":0},"end":{"line":201,"column":null}},"7":{"start":{"line":202,"column":0},"end":{"line":202,"column":null}},"8":{"start":{"line":203,"column":0},"end":{"line":203,"column":null}},"9":{"start":{"line":207,"column":0},"end":{"line":207,"column":null}},"10":{"start":{"line":209,"column":0},"end":{"line":216,"column":null}},"11":{"start":{"line":210,"column":0},"end":{"line":210,"column":null}},"12":{"start":{"line":215,"column":0},"end":{"line":215,"column":null}},"13":{"start":{"line":218,"column":0},"end":{"line":218,"column":null}},"14":{"start":{"line":219,"column":0},"end":{"line":219,"column":null}},"15":{"start":{"line":231,"column":0},"end":{"line":231,"column":null}},"16":{"start":{"line":235,"column":0},"end":{"line":235,"column":null}},"17":{"start":{"line":239,"column":0},"end":{"line":239,"column":null}},"18":{"start":{"line":243,"column":0},"end":{"line":243,"column":null}},"19":{"start":{"line":248,"column":0},"end":{"line":248,"column":null}},"20":{"start":{"line":252,"column":0},"end":{"line":252,"column":null}},"21":{"start":{"line":257,"column":0},"end":{"line":257,"column":null}},"22":{"start":{"line":258,"column":0},"end":{"line":260,"column":null}},"23":{"start":{"line":259,"column":0},"end":{"line":259,"column":null}},"24":{"start":{"line":262,"column":0},"end":{"line":262,"column":null}},"25":{"start":{"line":263,"column":0},"end":{"line":263,"column":null}},"26":{"start":{"line":264,"column":0},"end":{"line":264,"column":null}},"27":{"start":{"line":266,"column":0},"end":{"line":266,"column":null}},"28":{"start":{"line":270,"column":0},"end":{"line":270,"column":null}},"29":{"start":{"line":271,"column":0},"end":{"line":273,"column":null}},"30":{"start":{"line":272,"column":0},"end":{"line":272,"column":null}},"31":{"start":{"line":275,"column":0},"end":{"line":275,"column":null}},"32":{"start":{"line":276,"column":0},"end":{"line":276,"column":null}},"33":{"start":{"line":280,"column":0},"end":{"line":280,"column":null}},"34":{"start":{"line":281,"column":0},"end":{"line":283,"column":null}},"35":{"start":{"line":282,"column":0},"end":{"line":282,"column":null}},"36":{"start":{"line":285,"column":0},"end":{"line":285,"column":null}},"37":{"start":{"line":286,"column":0},"end":{"line":286,"column":null}},"38":{"start":{"line":287,"column":0},"end":{"line":287,"column":null}}},"fnMap":{"0":{"name":"(anonymous_1)","decl":{"start":{"line":161,"column":0},"end":{"line":161,"column":null}},"loc":{"start":{"line":161,"column":0},"end":{"line":195,"column":null}}},"1":{"name":"(anonymous_2)","decl":{"start":{"line":198,"column":0},"end":{"line":198,"column":null}},"loc":{"start":{"line":198,"column":0},"end":{"line":204,"column":null}}},"2":{"name":"(anonymous_3)","decl":{"start":{"line":206,"column":0},"end":{"line":206,"column":null}},"loc":{"start":{"line":206,"column":0},"end":{"line":220,"column":null}}},"3":{"name":"(anonymous_4)","decl":{"start":{"line":230,"column":0},"end":{"line":230,"column":null}},"loc":{"start":{"line":230,"column":0},"end":{"line":232,"column":null}}},"4":{"name":"(anonymous_5)","decl":{"start":{"line":234,"column":0},"end":{"line":234,"column":null}},"loc":{"start":{"line":234,"column":0},"end":{"line":236,"column":null}}},"5":{"name":"(anonymous_6)","decl":{"start":{"line":238,"column":0},"end":{"line":238,"column":null}},"loc":{"start":{"line":238,"column":0},"end":{"line":240,"column":null}}},"6":{"name":"(anonymous_7)","decl":{"start":{"line":242,"column":0},"end":{"line":242,"column":null}},"loc":{"start":{"line":242,"column":0},"end":{"line":244,"column":null}}},"7":{"name":"(anonymous_8)","decl":{"start":{"line":243,"column":0},"end":{"line":243,"column":null}},"loc":{"start":{"line":243,"column":0},"end":{"line":243,"column":null}}},"8":{"name":"(anonymous_9)","decl":{"start":{"line":247,"column":0},"end":{"line":247,"column":null}},"loc":{"start":{"line":247,"column":0},"end":{"line":249,"column":null}}},"9":{"name":"(anonymous_10)","decl":{"start":{"line":251,"column":0},"end":{"line":251,"column":null}},"loc":{"start":{"line":251,"column":0},"end":{"line":253,"column":null}}},"10":{"name":"(anonymous_11)","decl":{"start":{"line":256,"column":0},"end":{"line":256,"column":null}},"loc":{"start":{"line":256,"column":0},"end":{"line":267,"column":null}}},"11":{"name":"(anonymous_12)","decl":{"start":{"line":269,"column":0},"end":{"line":269,"column":null}},"loc":{"start":{"line":269,"column":0},"end":{"line":277,"column":null}}},"12":{"name":"(anonymous_13)","decl":{"start":{"line":279,"column":0},"end":{"line":279,"column":null}},"loc":{"start":{"line":279,"column":0},"end":{"line":288,"column":null}}}},"branchMap":{"0":{"loc":{"start":{"line":209,"column":0},"end":{"line":216,"column":null}},"type":"if","locations":[{"start":{"line":209,"column":0},"end":{"line":216,"column":null}},{"start":{"line":209,"column":0},"end":{"line":216,"column":null}}]},"1":{"loc":{"start":{"line":235,"column":0},"end":{"line":235,"column":null}},"type":"cond-expr","locations":[{"start":{"line":235,"column":0},"end":{"line":235,"column":null}},{"start":{"line":235,"column":0},"end":{"line":235,"column":null}}]},"2":{"loc":{"start":{"line":239,"column":0},"end":{"line":239,"column":null}},"type":"cond-expr","locations":[{"start":{"line":239,"column":0},"end":{"line":239,"column":null}},{"start":{"line":239,"column":0},"end":{"line":239,"column":null}}]},"3":{"loc":{"start":{"line":243,"column":0},"end":{"line":243,"column":null}},"type":"binary-expr","locations":[{"start":{"line":243,"column":0},"end":{"line":243,"column":null}},{"start":{"line":243,"column":0},"end":{"line":243,"column":null}}]},"4":{"loc":{"start":{"line":258,"column":0},"end":{"line":260,"column":null}},"type":"if","locations":[{"start":{"line":258,"column":0},"end":{"line":260,"column":null}},{"start":{"line":258,"column":0},"end":{"line":260,"column":null}}]},"5":{"loc":{"start":{"line":262,"column":0},"end":{"line":262,"column":null}},"type":"binary-expr","locations":[{"start":{"line":262,"column":0},"end":{"line":262,"column":null}},{"start":{"line":262,"column":0},"end":{"line":262,"column":null}}]},"6":{"loc":{"start":{"line":263,"column":0},"end":{"line":263,"column":null}},"type":"binary-expr","locations":[{"start":{"line":263,"column":0},"end":{"line":263,"column":null}},{"start":{"line":263,"column":0},"end":{"line":263,"column":null}}]},"7":{"loc":{"start":{"line":264,"column":0},"end":{"line":264,"column":null}},"type":"binary-expr","locations":[{"start":{"line":264,"column":0},"end":{"line":264,"column":null}},{"start":{"line":264,"column":0},"end":{"line":264,"column":null}}]},"8":{"loc":{"start":{"line":271,"column":0},"end":{"line":273,"column":null}},"type":"if","locations":[{"start":{"line":271,"column":0},"end":{"line":273,"column":null}},{"start":{"line":271,"column":0},"end":{"line":273,"column":null}}]},"9":{"loc":{"start":{"line":275,"column":0},"end":{"line":275,"column":null}},"type":"binary-expr","locations":[{"start":{"line":275,"column":0},"end":{"line":275,"column":null}},{"start":{"line":275,"column":0},"end":{"line":275,"column":null}}]},"10":{"loc":{"start":{"line":281,"column":0},"end":{"line":283,"column":null}},"type":"if","locations":[{"start":{"line":281,"column":0},"end":{"line":283,"column":null}},{"start":{"line":281,"column":0},"end":{"line":283,"column":null}}]},"11":{"loc":{"start":{"line":285,"column":0},"end":{"line":285,"column":null}},"type":"binary-expr","locations":[{"start":{"line":285,"column":0},"end":{"line":285,"column":null}},{"start":{"line":285,"column":0},"end":{"line":285,"column":null}}]},"12":{"loc":{"start":{"line":286,"column":0},"end":{"line":286,"column":null}},"type":"binary-expr","locations":[{"start":{"line":286,"column":0},"end":{"line":286,"column":null}},{"start":{"line":286,"column":0},"end":{"line":286,"column":null}}]}},"s":{"0":3,"1":3,"2":3,"3":23,"4":2,"5":2,"6":2,"7":2,"8":2,"9":4,"10":4,"11":3,"12":3,"13":1,"14":1,"15":29,"16":29,"17":29,"18":16,"19":31,"20":2,"21":33,"22":33,"23":24,"24":9,"25":9,"26":9,"27":9,"28":31,"29":31,"30":24,"31":7,"32":7,"33":31,"34":31,"35":24,"36":7,"37":7,"38":7},"f":{"0":23,"1":2,"2":4,"3":29,"4":29,"5":29,"6":6,"7":10,"8":31,"9":2,"10":33,"11":31,"12":31},"b":{"0":[3,1],"1":[17,12],"2":[17,12],"3":[6,5],"4":[24,9],"5":[9,0],"6":[9,4],"7":[9,0],"8":[24,7],"9":[7,4],"10":[24,7],"11":[7,0],"12":[7,4]}}
,"G:\\work-space\\app-buildings\\src\\components\\Buildings\\BuildingDeleteDialog.vue": {"path":"G:\\work-space\\app-buildings\\src\\components\\Buildings\\BuildingDeleteDialog.vue","statementMap":{"0":{"start":{"line":75,"column":0},"end":{"line":75,"column":null}},"1":{"start":{"line":83,"column":0},"end":{"line":92,"column":null}},"2":{"start":{"line":84,"column":0},"end":{"line":84,"column":null}},"3":{"start":{"line":85,"column":0},"end":{"line":85,"column":null}},"4":{"start":{"line":90,"column":0},"end":{"line":90,"column":null}},"5":{"start":{"line":91,"column":0},"end":{"line":91,"column":null}},"6":{"start":{"line":94,"column":0},"end":{"line":94,"column":null}},"7":{"start":{"line":102,"column":0},"end":{"line":102,"column":null}},"8":{"start":{"line":109,"column":0},"end":{"line":109,"column":null}},"9":{"start":{"line":113,"column":0},"end":{"line":113,"column":null}}},"fnMap":{"0":{"name":"(anonymous_1)","decl":{"start":{"line":74,"column":0},"end":{"line":74,"column":null}},"loc":{"start":{"line":74,"column":0},"end":{"line":79,"column":null}}},"1":{"name":"(anonymous_2)","decl":{"start":{"line":82,"column":0},"end":{"line":82,"column":null}},"loc":{"start":{"line":82,"column":0},"end":{"line":99,"column":null}}},"2":{"name":"(anonymous_3)","decl":{"start":{"line":101,"column":0},"end":{"line":101,"column":null}},"loc":{"start":{"line":101,"column":0},"end":{"line":103,"column":null}}},"3":{"name":"(anonymous_4)","decl":{"start":{"line":108,"column":0},"end":{"line":108,"column":null}},"loc":{"start":{"line":108,"column":0},"end":{"line":110,"column":null}}},"4":{"name":"(anonymous_5)","decl":{"start":{"line":112,"column":0},"end":{"line":112,"column":null}},"loc":{"start":{"line":112,"column":0},"end":{"line":114,"column":null}}}},"branchMap":{"0":{"loc":{"start":{"line":83,"column":0},"end":{"line":92,"column":null}},"type":"if","locations":[{"start":{"line":83,"column":0},"end":{"line":92,"column":null}},{"start":{"line":83,"column":0},"end":{"line":92,"column":null}}]}},"s":{"0":18,"1":1,"2":1,"3":1,"4":1,"5":1,"6":0,"7":2,"8":23,"9":2},"f":{"0":18,"1":1,"2":2,"3":23,"4":2},"b":{"0":[1,0]}}
,"G:\\work-space\\app-buildings\\src\\components\\Buildings\\BuildingsTable.vue": {"path":"G:\\work-space\\app-buildings\\src\\components\\Buildings\\BuildingsTable.vue","statementMap":{"0":{"start":{"line":93,"column":0},"end":{"line":93,"column":null}},"1":{"start":{"line":94,"column":0},"end":{"line":94,"column":null}},"2":{"start":{"line":95,"column":0},"end":{"line":95,"column":null}},"3":{"start":{"line":96,"column":0},"end":{"line":96,"column":null}},"4":{"start":{"line":107,"column":0},"end":{"line":107,"column":null}},"5":{"start":{"line":171,"column":0},"end":{"line":171,"column":null}},"6":{"start":{"line":175,"column":0},"end":{"line":175,"column":null}},"7":{"start":{"line":176,"column":0},"end":{"line":176,"column":null}},"8":{"start":{"line":177,"column":0},"end":{"line":177,"column":null}},"9":{"start":{"line":178,"column":0},"end":{"line":178,"column":null}},"10":{"start":{"line":182,"column":0},"end":{"line":182,"column":null}},"11":{"start":{"line":183,"column":0},"end":{"line":183,"column":null}},"12":{"start":{"line":184,"column":0},"end":{"line":184,"column":null}},"13":{"start":{"line":185,"column":0},"end":{"line":185,"column":null}},"14":{"start":{"line":189,"column":0},"end":{"line":189,"column":null}},"15":{"start":{"line":190,"column":0},"end":{"line":190,"column":null}},"16":{"start":{"line":194,"column":0},"end":{"line":207,"column":null}},"17":{"start":{"line":195,"column":0},"end":{"line":204,"column":null}},"18":{"start":{"line":197,"column":0},"end":{"line":197,"column":null}},"19":{"start":{"line":199,"column":0},"end":{"line":199,"column":null}},"20":{"start":{"line":206,"column":0},"end":{"line":206,"column":null}},"21":{"start":{"line":209,"column":0},"end":{"line":220,"column":null}},"22":{"start":{"line":211,"column":0},"end":{"line":211,"column":null}},"23":{"start":{"line":213,"column":0},"end":{"line":213,"column":null}},"24":{"start":{"line":219,"column":0},"end":{"line":219,"column":null}},"25":{"start":{"line":224,"column":0},"end":{"line":224,"column":null}},"26":{"start":{"line":225,"column":0},"end":{"line":227,"column":null}},"27":{"start":{"line":226,"column":0},"end":{"line":226,"column":null}},"28":{"start":{"line":231,"column":0},"end":{"line":242,"column":null}},"29":{"start":{"line":233,"column":0},"end":{"line":233,"column":null}},"30":{"start":{"line":235,"column":0},"end":{"line":235,"column":null}},"31":{"start":{"line":241,"column":0},"end":{"line":241,"column":null}},"32":{"start":{"line":244,"column":0},"end":{"line":244,"column":null}},"33":{"start":{"line":248,"column":0},"end":{"line":248,"column":null}},"34":{"start":{"line":261,"column":0},"end":{"line":261,"column":null}}},"fnMap":{"0":{"name":"(anonymous_1)","decl":{"start":{"line":106,"column":0},"end":{"line":106,"column":null}},"loc":{"start":{"line":106,"column":0},"end":{"line":167,"column":null}}},"1":{"name":"(anonymous_2)","decl":{"start":{"line":170,"column":0},"end":{"line":170,"column":null}},"loc":{"start":{"line":170,"column":0},"end":{"line":172,"column":null}}},"2":{"name":"(anonymous_3)","decl":{"start":{"line":174,"column":0},"end":{"line":174,"column":null}},"loc":{"start":{"line":174,"column":0},"end":{"line":179,"column":null}}},"3":{"name":"(anonymous_4)","decl":{"start":{"line":181,"column":0},"end":{"line":181,"column":null}},"loc":{"start":{"line":181,"column":0},"end":{"line":186,"column":null}}},"4":{"name":"(anonymous_5)","decl":{"start":{"line":188,"column":0},"end":{"line":188,"column":null}},"loc":{"start":{"line":188,"column":0},"end":{"line":191,"column":null}}},"5":{"name":"(anonymous_6)","decl":{"start":{"line":193,"column":0},"end":{"line":193,"column":null}},"loc":{"start":{"line":193,"column":0},"end":{"line":221,"column":null}}},"6":{"name":"(anonymous_7)","decl":{"start":{"line":195,"column":0},"end":{"line":195,"column":null}},"loc":{"start":{"line":195,"column":0},"end":{"line":204,"column":null}}},"7":{"name":"(anonymous_8)","decl":{"start":{"line":209,"column":0},"end":{"line":209,"column":null}},"loc":{"start":{"line":209,"column":0},"end":{"line":220,"column":null}}},"8":{"name":"(anonymous_9)","decl":{"start":{"line":223,"column":0},"end":{"line":223,"column":null}},"loc":{"start":{"line":223,"column":0},"end":{"line":228,"column":null}}},"9":{"name":"(anonymous_10)","decl":{"start":{"line":225,"column":0},"end":{"line":225,"column":null}},"loc":{"start":{"line":225,"column":0},"end":{"line":227,"column":null}}},"10":{"name":"(anonymous_11)","decl":{"start":{"line":230,"column":0},"end":{"line":230,"column":null}},"loc":{"start":{"line":230,"column":0},"end":{"line":245,"column":null}}},"11":{"name":"(anonymous_12)","decl":{"start":{"line":231,"column":0},"end":{"line":231,"column":null}},"loc":{"start":{"line":231,"column":0},"end":{"line":242,"column":null}}},"12":{"name":"(anonymous_13)","decl":{"start":{"line":247,"column":0},"end":{"line":247,"column":null}},"loc":{"start":{"line":247,"column":0},"end":{"line":249,"column":null}}},"13":{"name":"(anonymous_14)","decl":{"start":{"line":260,"column":0},"end":{"line":260,"column":null}},"loc":{"start":{"line":260,"column":0},"end":{"line":262,"column":null}}}},"branchMap":{"0":{"loc":{"start":{"line":194,"column":0},"end":{"line":207,"column":null}},"type":"if","locations":[{"start":{"line":194,"column":0},"end":{"line":207,"column":null}},{"start":{"line":194,"column":0},"end":{"line":207,"column":null}}]}},"s":{"0":2,"1":2,"2":2,"3":2,"4":12,"5":12,"6":1,"7":1,"8":1,"9":1,"10":1,"11":1,"12":1,"13":1,"14":2,"15":2,"16":2,"17":1,"18":1,"19":1,"20":1,"21":1,"22":1,"23":1,"24":1,"25":1,"26":1,"27":1,"28":0,"29":0,"30":0,"31":0,"32":0,"33":34,"34":12},"f":{"0":12,"1":12,"2":1,"3":1,"4":2,"5":2,"6":1,"7":1,"8":1,"9":1,"10":0,"11":0,"12":34,"13":12},"b":{"0":[1,1]}}
,"G:\\work-space\\app-buildings\\src\\layouts\\TheLayoutWrap.vue": {"path":"G:\\work-space\\app-buildings\\src\\layouts\\TheLayoutWrap.vue","statementMap":{"0":{"start":{"line":64,"column":0},"end":{"line":64,"column":null}}},"fnMap":{"0":{"name":"(anonymous_1)","decl":{"start":{"line":64,"column":0},"end":{"line":64,"column":null}},"loc":{"start":{"line":64,"column":0},"end":{"line":64,"column":null}}}},"branchMap":{},"s":{"0":12},"f":{"0":12},"b":{}}
,"G:\\work-space\\app-buildings\\src\\plugins\\axios.js": {"path":"G:\\work-space\\app-buildings\\src\\plugins\\axios.js","statementMap":{"0":{"start":{"line":3,"column":13},"end":{"line":8,"column":2}}},"fnMap":{},"branchMap":{},"s":{"0":5},"f":{},"b":{},"_coverageSchema":"43e27e138ebf9cfc5966b082cf9a028302ed4184","hash":"06e51aa7b15f114dd3d25d1717d41a4f1cdd000c"}
,"G:\\work-space\\app-buildings\\src\\services\\buildings.service.js": {"path":"G:\\work-space\\app-buildings\\src\\services\\buildings.service.js","statementMap":{"0":{"start":{"line":5,"column":2},"end":{"line":8,"column":6}},"1":{"start":{"line":7,"column":4},"end":{"line":7,"column":20}},"2":{"start":{"line":12,"column":2},"end":{"line":15,"column":6}},"3":{"start":{"line":14,"column":4},"end":{"line":14,"column":20}},"4":{"start":{"line":19,"column":2},"end":{"line":22,"column":6}},"5":{"start":{"line":21,"column":4},"end":{"line":21,"column":20}},"6":{"start":{"line":26,"column":2},"end":{"line":29,"column":6}},"7":{"start":{"line":28,"column":4},"end":{"line":28,"column":20}}},"fnMap":{"0":{"name":"(anonymous_0)","decl":{"start":{"line":4,"column":1},"end":{"line":4,"column":2}},"loc":{"start":{"line":4,"column":16},"end":{"line":9,"column":2}},"line":4},"1":{"name":"(anonymous_1)","decl":{"start":{"line":6,"column":9},"end":{"line":6,"column":10}},"loc":{"start":{"line":6,"column":18},"end":{"line":8,"column":4}},"line":6},"2":{"name":"(anonymous_2)","decl":{"start":{"line":11,"column":1},"end":{"line":11,"column":2}},"loc":{"start":{"line":11,"column":22},"end":{"line":16,"column":2}},"line":11},"3":{"name":"(anonymous_3)","decl":{"start":{"line":13,"column":9},"end":{"line":13,"column":10}},"loc":{"start":{"line":13,"column":18},"end":{"line":15,"column":4}},"line":13},"4":{"name":"(anonymous_4)","decl":{"start":{"line":18,"column":1},"end":{"line":18,"column":2}},"loc":{"start":{"line":18,"column":20},"end":{"line":23,"column":2}},"line":18},"5":{"name":"(anonymous_5)","decl":{"start":{"line":20,"column":9},"end":{"line":20,"column":10}},"loc":{"start":{"line":20,"column":18},"end":{"line":22,"column":4}},"line":20},"6":{"name":"(anonymous_6)","decl":{"start":{"line":25,"column":1},"end":{"line":25,"column":2}},"loc":{"start":{"line":25,"column":22},"end":{"line":30,"column":2}},"line":25},"7":{"name":"(anonymous_7)","decl":{"start":{"line":27,"column":9},"end":{"line":27,"column":10}},"loc":{"start":{"line":27,"column":18},"end":{"line":29,"column":4}},"line":27}},"branchMap":{},"s":{"0":0,"1":0,"2":1,"3":1,"4":1,"5":1,"6":0,"7":0},"f":{"0":0,"1":0,"2":1,"3":1,"4":1,"5":1,"6":0,"7":0},"b":{},"_coverageSchema":"43e27e138ebf9cfc5966b082cf9a028302ed4184","hash":"bce0aa9c4b0e935e76d412fce1ad9a130e0cba74"}
,"G:\\work-space\\app-buildings\\src\\store\\modules\\buildings.js": {"path":"G:\\work-space\\app-buildings\\src\\store\\modules\\buildings.js","statementMap":{"0":{"start":{"line":3,"column":21},"end":{"line":9,"column":1}},"1":{"start":{"line":11,"column":14},"end":{"line":14,"column":1}},"2":{"start":{"line":16,"column":16},"end":{"line":24,"column":1}},"3":{"start":{"line":18,"column":2},"end":{"line":18,"column":25}},"4":{"start":{"line":22,"column":2},"end":{"line":22,"column":28}},"5":{"start":{"line":26,"column":18},"end":{"line":34,"column":1}},"6":{"start":{"line":28,"column":2},"end":{"line":28,"column":35}},"7":{"start":{"line":32,"column":2},"end":{"line":32,"column":36}},"8":{"start":{"line":36,"column":16},"end":{"line":62,"column":1}},"9":{"start":{"line":38,"column":2},"end":{"line":38,"column":61}},"10":{"start":{"line":40,"column":2},"end":{"line":60,"column":3}},"11":{"start":{"line":41,"column":31},"end":{"line":41,"column":33}},"12":{"start":{"line":42,"column":14},"end":{"line":42,"column":51}},"13":{"start":{"line":44,"column":3},"end":{"line":50,"column":4}},"14":{"start":{"line":45,"column":4},"end":{"line":49,"column":9}},"15":{"start":{"line":46,"column":29},"end":{"line":49,"column":6}},"16":{"start":{"line":52,"column":3},"end":{"line":52,"column":61}},"17":{"start":{"line":53,"column":3},"end":{"line":53,"column":66}},"18":{"start":{"line":55,"column":3},"end":{"line":59,"column":4}},"19":{"start":{"line":56,"column":4},"end":{"line":56,"column":65}},"20":{"start":{"line":58,"column":4},"end":{"line":58,"column":63}}},"fnMap":{"0":{"name":"(anonymous_0)","decl":{"start":{"line":17,"column":1},"end":{"line":17,"column":2}},"loc":{"start":{"line":17,"column":21},"end":{"line":19,"column":2}},"line":17},"1":{"name":"(anonymous_1)","decl":{"start":{"line":21,"column":1},"end":{"line":21,"column":2}},"loc":{"start":{"line":21,"column":24},"end":{"line":23,"column":2}},"line":21},"2":{"name":"(anonymous_2)","decl":{"start":{"line":27,"column":1},"end":{"line":27,"column":2}},"loc":{"start":{"line":27,"column":36},"end":{"line":29,"column":2}},"line":27},"3":{"name":"(anonymous_3)","decl":{"start":{"line":31,"column":1},"end":{"line":31,"column":2}},"loc":{"start":{"line":31,"column":32},"end":{"line":33,"column":2}},"line":31},"4":{"name":"(anonymous_4)","decl":{"start":{"line":37,"column":1},"end":{"line":37,"column":2}},"loc":{"start":{"line":37,"column":35},"end":{"line":61,"column":2}},"line":37},"5":{"name":"(anonymous_5)","decl":{"start":{"line":46,"column":10},"end":{"line":46,"column":11}},"loc":{"start":{"line":46,"column":29},"end":{"line":49,"column":6}},"line":46}},"branchMap":{"0":{"loc":{"start":{"line":32,"column":20},"end":{"line":32,"column":35}},"type":"binary-expr","locations":[{"start":{"line":32,"column":20},"end":{"line":32,"column":29}},{"start":{"line":32,"column":33},"end":{"line":32,"column":35}}],"line":32},"1":{"loc":{"start":{"line":44,"column":3},"end":{"line":50,"column":4}},"type":"if","locations":[{"start":{"line":44,"column":3},"end":{"line":50,"column":4}},{"start":{"line":44,"column":3},"end":{"line":50,"column":4}}],"line":44},"2":{"loc":{"start":{"line":55,"column":3},"end":{"line":59,"column":4}},"type":"if","locations":[{"start":{"line":55,"column":3},"end":{"line":59,"column":4}},{"start":{"line":55,"column":3},"end":{"line":59,"column":4}}],"line":55},"3":{"loc":{"start":{"line":55,"column":7},"end":{"line":55,"column":51}},"type":"binary-expr","locations":[{"start":{"line":55,"column":7},"end":{"line":55,"column":8}},{"start":{"line":55,"column":12},"end":{"line":55,"column":22}},{"start":{"line":55,"column":26},"end":{"line":55,"column":51}}],"line":55}},"s":{"0":4,"1":4,"2":4,"3":12,"4":10,"5":4,"6":14,"7":6,"8":4,"9":7,"10":7,"11":7,"12":7,"13":6,"14":3,"15":2,"16":6,"17":6,"18":1,"19":0,"20":1},"f":{"0":12,"1":10,"2":14,"3":6,"4":7,"5":2},"b":{"0":[6,0],"1":[3,3],"2":[0,1],"3":[1,0,0]},"_coverageSchema":"43e27e138ebf9cfc5966b082cf9a028302ed4184","hash":"6b1bccf78917ad1cc0a4199dbc6bfb5f7b9cccdd"}
,"G:\\work-space\\app-buildings\\src\\store\\modules\\snackbar.js": {"path":"G:\\work-space\\app-buildings\\src\\store\\modules\\snackbar.js","statementMap":{"0":{"start":{"line":1,"column":14},"end":{"line":7,"column":1}},"1":{"start":{"line":9,"column":16},"end":{"line":13,"column":1}},"2":{"start":{"line":11,"column":2},"end":{"line":11,"column":35}},"3":{"start":{"line":15,"column":18},"end":{"line":19,"column":1}},"4":{"start":{"line":17,"column":2},"end":{"line":17,"column":68}},"5":{"start":{"line":21,"column":16},"end":{"line":25,"column":1}},"6":{"start":{"line":23,"column":2},"end":{"line":23,"column":56}}},"fnMap":{"0":{"name":"(anonymous_0)","decl":{"start":{"line":10,"column":1},"end":{"line":10,"column":2}},"loc":{"start":{"line":10,"column":27},"end":{"line":12,"column":2}},"line":10},"1":{"name":"(anonymous_1)","decl":{"start":{"line":16,"column":1},"end":{"line":16,"column":2}},"loc":{"start":{"line":16,"column":95},"end":{"line":18,"column":2}},"line":16},"2":{"name":"(anonymous_2)","decl":{"start":{"line":22,"column":1},"end":{"line":22,"column":2}},"loc":{"start":{"line":22,"column":47},"end":{"line":24,"column":2}},"line":22}},"branchMap":{"0":{"loc":{"start":{"line":16,"column":37},"end":{"line":16,"column":52}},"type":"default-arg","locations":[{"start":{"line":16,"column":48},"end":{"line":16,"column":52}}],"line":16},"1":{"loc":{"start":{"line":16,"column":54},"end":{"line":16,"column":70}},"type":"default-arg","locations":[{"start":{"line":16,"column":61},"end":{"line":16,"column":70}}],"line":16},"2":{"loc":{"start":{"line":16,"column":72},"end":{"line":16,"column":92}},"type":"default-arg","locations":[{"start":{"line":16,"column":85},"end":{"line":16,"column":92}}],"line":16}},"s":{"0":4,"1":4,"2":5,"3":4,"4":1,"5":4,"6":1},"f":{"0":5,"1":1,"2":1},"b":{"0":[0],"1":[0],"2":[1]},"_coverageSchema":"43e27e138ebf9cfc5966b082cf9a028302ed4184","hash":"c38b657984ea2d561445c17207c5c14b4b6b5677"}
,"G:\\work-space\\app-buildings\\src\\views\\Buildings.vue": {"path":"G:\\work-space\\app-buildings\\src\\views\\Buildings.vue","statementMap":{"0":{"start":{"line":12,"column":0},"end":{"line":12,"column":null}},"1":{"start":{"line":13,"column":0},"end":{"line":13,"column":null}},"2":{"start":{"line":14,"column":0},"end":{"line":14,"column":null}}},"fnMap":{},"branchMap":{},"s":{"0":1,"1":1,"2":1},"f":{},"b":{}}
,"G:\\work-space\\app-buildings\\src\\views\\Home.vue": {"path":"G:\\work-space\\app-buildings\\src\\views\\Home.vue","statementMap":{"0":{"start":{"line":28,"column":0},"end":{"line":28,"column":null}}},"fnMap":{},"branchMap":{},"s":{"0":1},"f":{},"b":{}}
}
