TN:
SF:G:\work-space\app-buildings\src\assets\img\educational-building.png
FNF:0
FNH:0
DA:1,1
LF:1
LH:1
BRF:0
BRH:0
end_of_record
TN:
SF:G:\work-space\app-buildings\src\assets\img\type-apartment.png
FNF:0
FNH:0
DA:1,1
LF:1
LH:1
BRF:0
BRH:0
end_of_record
TN:
SF:G:\work-space\app-buildings\src\components\Base\AppSnackbar.vue
FN:34,(anonymous_1)
FN:40,(anonymous_2)
FN:54,(anonymous_3)
FNF:3
FNH:3
FNDA:3,(anonymous_1)
FNDA:1,(anonymous_2)
FNDA:1,(anonymous_3)
DA:29,1
DA:34,3
DA:41,1
DA:55,1
LF:4
LH:4
BRF:0
BRH:0
end_of_record
TN:
SF:G:\work-space\app-buildings\src\components\Base\Header.vue
FN:17,(anonymous_1)
FNF:1
FNH:1
FNDA:2,(anonymous_1)
DA:17,2
LF:1
LH:1
BRF:0
BRH:0
end_of_record
TN:
SF:G:\work-space\app-buildings\src\components\Buildings\BuildingCreateEditDialog.vue
FN:161,(anonymous_1)
FN:198,(anonymous_2)
FN:206,(anonymous_3)
FN:230,(anonymous_4)
FN:234,(anonymous_5)
FN:238,(anonymous_6)
FN:242,(anonymous_7)
FN:243,(anonymous_8)
FN:247,(anonymous_9)
FN:251,(anonymous_10)
FN:256,(anonymous_11)
FN:269,(anonymous_12)
FN:279,(anonymous_13)
FNF:13
FNH:13
FNDA:23,(anonymous_1)
FNDA:2,(anonymous_2)
FNDA:4,(anonymous_3)
FNDA:29,(anonymous_4)
FNDA:29,(anonymous_5)
FNDA:29,(anonymous_6)
FNDA:6,(anonymous_7)
FNDA:10,(anonymous_8)
FNDA:31,(anonymous_9)
FNDA:2,(anonymous_10)
FNDA:33,(anonymous_11)
FNDA:31,(anonymous_12)
FNDA:31,(anonymous_13)
DA:116,3
DA:117,3
DA:118,3
DA:162,23
DA:199,2
DA:200,2
DA:201,2
DA:202,2
DA:203,2
DA:207,4
DA:209,4
DA:210,3
DA:215,3
DA:218,1
DA:219,1
DA:231,29
DA:235,29
DA:239,29
DA:243,16
DA:248,31
DA:252,2
DA:257,33
DA:258,33
DA:259,24
DA:262,9
DA:263,9
DA:264,9
DA:266,9
DA:270,31
DA:271,31
DA:272,24
DA:275,7
DA:276,7
DA:280,31
DA:281,31
DA:282,24
DA:285,7
DA:286,7
DA:287,7
LF:39
LH:39
BRDA:209,0,0,3
BRDA:209,0,1,1
BRDA:235,1,0,17
BRDA:235,1,1,12
BRDA:239,2,0,17
BRDA:239,2,1,12
BRDA:243,3,0,6
BRDA:243,3,1,5
BRDA:258,4,0,24
BRDA:258,4,1,9
BRDA:262,5,0,9
BRDA:262,5,1,0
BRDA:263,6,0,9
BRDA:263,6,1,4
BRDA:264,7,0,9
BRDA:264,7,1,0
BRDA:271,8,0,24
BRDA:271,8,1,7
BRDA:275,9,0,7
BRDA:275,9,1,4
BRDA:281,10,0,24
BRDA:281,10,1,7
BRDA:285,11,0,7
BRDA:285,11,1,0
BRDA:286,12,0,7
BRDA:286,12,1,4
BRF:26
BRH:23
end_of_record
TN:
SF:G:\work-space\app-buildings\src\components\Buildings\BuildingDeleteDialog.vue
FN:74,(anonymous_1)
FN:82,(anonymous_2)
FN:101,(anonymous_3)
FN:108,(anonymous_4)
FN:112,(anonymous_5)
FNF:5
FNH:5
FNDA:18,(anonymous_1)
FNDA:1,(anonymous_2)
FNDA:2,(anonymous_3)
FNDA:23,(anonymous_4)
FNDA:2,(anonymous_5)
DA:75,18
DA:83,1
DA:84,1
DA:85,1
DA:90,1
DA:91,1
DA:94,0
DA:102,2
DA:109,23
DA:113,2
LF:10
LH:9
BRDA:83,0,0,1
BRDA:83,0,1,0
BRF:2
BRH:1
end_of_record
TN:
SF:G:\work-space\app-buildings\src\components\Buildings\BuildingsTable.vue
FN:106,(anonymous_1)
FN:170,(anonymous_2)
FN:174,(anonymous_3)
FN:181,(anonymous_4)
FN:188,(anonymous_5)
FN:193,(anonymous_6)
FN:195,(anonymous_7)
FN:209,(anonymous_8)
FN:223,(anonymous_9)
FN:225,(anonymous_10)
FN:230,(anonymous_11)
FN:231,(anonymous_12)
FN:247,(anonymous_13)
FN:260,(anonymous_14)
FNF:14
FNH:12
FNDA:12,(anonymous_1)
FNDA:12,(anonymous_2)
FNDA:1,(anonymous_3)
FNDA:1,(anonymous_4)
FNDA:2,(anonymous_5)
FNDA:2,(anonymous_6)
FNDA:1,(anonymous_7)
FNDA:1,(anonymous_8)
FNDA:1,(anonymous_9)
FNDA:1,(anonymous_10)
FNDA:0,(anonymous_11)
FNDA:0,(anonymous_12)
FNDA:34,(anonymous_13)
FNDA:12,(anonymous_14)
DA:93,2
DA:94,2
DA:95,2
DA:96,2
DA:107,12
DA:171,12
DA:175,1
DA:176,1
DA:177,1
DA:178,1
DA:182,1
DA:183,1
DA:184,1
DA:185,1
DA:189,2
DA:190,2
DA:194,2
DA:195,1
DA:197,1
DA:199,1
DA:206,1
DA:209,1
DA:211,1
DA:213,1
DA:219,1
DA:224,1
DA:225,1
DA:226,1
DA:231,0
DA:233,0
DA:235,0
DA:241,0
DA:244,0
DA:248,34
DA:261,12
LF:35
LH:30
BRDA:194,0,0,1
BRDA:194,0,1,1
BRF:2
BRH:2
end_of_record
TN:
SF:G:\work-space\app-buildings\src\layouts\TheLayoutWrap.vue
FN:64,(anonymous_1)
FNF:1
FNH:1
FNDA:12,(anonymous_1)
DA:64,12
LF:1
LH:1
BRF:0
BRH:0
end_of_record
TN:
SF:G:\work-space\app-buildings\src\plugins\axios.js
FNF:0
FNH:0
DA:3,5
LF:1
LH:1
BRF:0
BRH:0
end_of_record
TN:
SF:G:\work-space\app-buildings\src\services\buildings.service.js
FN:4,(anonymous_0)
FN:6,(anonymous_1)
FN:11,(anonymous_2)
FN:13,(anonymous_3)
FN:18,(anonymous_4)
FN:20,(anonymous_5)
FN:25,(anonymous_6)
FN:27,(anonymous_7)
FNF:8
FNH:4
FNDA:0,(anonymous_0)
FNDA:0,(anonymous_1)
FNDA:1,(anonymous_2)
FNDA:1,(anonymous_3)
FNDA:1,(anonymous_4)
FNDA:1,(anonymous_5)
FNDA:0,(anonymous_6)
FNDA:0,(anonymous_7)
DA:5,0
DA:7,0
DA:12,1
DA:14,1
DA:19,1
DA:21,1
DA:26,0
DA:28,0
LF:8
LH:4
BRF:0
BRH:0
end_of_record
TN:
SF:G:\work-space\app-buildings\src\store\modules\buildings.js
FN:17,(anonymous_0)
FN:21,(anonymous_1)
FN:27,(anonymous_2)
FN:31,(anonymous_3)
FN:37,(anonymous_4)
FN:46,(anonymous_5)
FNF:6
FNH:6
FNDA:12,(anonymous_0)
FNDA:10,(anonymous_1)
FNDA:14,(anonymous_2)
FNDA:6,(anonymous_3)
FNDA:7,(anonymous_4)
FNDA:2,(anonymous_5)
DA:3,4
DA:11,4
DA:16,4
DA:18,12
DA:22,10
DA:26,4
DA:28,14
DA:32,6
DA:36,4
DA:38,7
DA:40,7
DA:41,7
DA:42,7
DA:44,6
DA:45,3
DA:46,2
DA:52,6
DA:53,6
DA:55,1
DA:56,0
DA:58,1
LF:21
LH:20
BRDA:32,0,0,6
BRDA:32,0,1,0
BRDA:44,1,0,3
BRDA:44,1,1,3
BRDA:55,2,0,0
BRDA:55,2,1,1
BRDA:55,3,0,1
BRDA:55,3,1,0
BRDA:55,3,2,0
BRF:9
BRH:5
end_of_record
TN:
SF:G:\work-space\app-buildings\src\store\modules\snackbar.js
FN:10,(anonymous_0)
FN:16,(anonymous_1)
FN:22,(anonymous_2)
FNF:3
FNH:3
FNDA:5,(anonymous_0)
FNDA:1,(anonymous_1)
FNDA:1,(anonymous_2)
DA:1,4
DA:9,4
DA:11,5
DA:15,4
DA:17,1
DA:21,4
DA:23,1
LF:7
LH:7
BRDA:16,0,0,0
BRDA:16,1,0,0
BRDA:16,2,0,1
BRF:3
BRH:1
end_of_record
TN:
SF:G:\work-space\app-buildings\src\views\Buildings.vue
FNF:0
FNH:0
DA:12,1
DA:13,1
DA:14,1
LF:3
LH:3
BRF:0
BRH:0
end_of_record
TN:
SF:G:\work-space\app-buildings\src\views\Home.vue
FNF:0
FNH:0
DA:28,1
LF:1
LH:1
BRF:0
BRH:0
end_of_record
